<?xml version="1.0" encoding="UTF-8"?>
<testsuite name="MainTest" tests="1" skipped="0" failures="0" errors="0" timestamp="2022-06-05T17:58:24" hostname="PC" time="0.058">
  <properties/>
  <testcase name="start" classname="MainTest" time="0.058"/>
  <system-out><![CDATA[?[1;31m
Start test 1?[0m
PDF document
It took 0 seconds
?[1;31m
Start test 2?[0m
DOC document
DOC document
It took 0 seconds
?[1;31m
Start test 3?[0m
Unknown file type
It took 0 seconds
?[1;31m
Start test 4?[0m
Unknown file type
Unknown file type
It took 0 seconds
]]></system-out>
  <system-err><![CDATA[]]></system-err>
</testsuite>
